I, [2013-06-25T14:03:03.649316 #63989]  INFO -- : TEST!
I, [2013-06-25T14:04:02.905144 #63989]  INFO -- : TEST!
I, [2013-06-25T14:06:09.553936 #64096]  INFO -- : launching sweeper thread
I, [2013-06-25T14:06:09.559491 #64096]  INFO -- : deleting all PDFs not generated on 20130625
I, [2013-06-25T14:06:09.561930 #64096]  INFO -- : deleting ./public/pdfs/20130624
I, [2013-06-25T14:06:34.568271 #64186]  INFO -- : launching sweeper thread
I, [2013-06-25T14:06:34.568566 #64186]  INFO -- : deleting all PDFs not generated on 20130625
I, [2013-06-25T14:06:48.866559 #64186]  INFO -- : Downloading into temp dir downloads/tmp_KPXNBXOQODJSWZCH
I, [2013-06-25T14:06:48.866752 #64186]  INFO -- : Downloading http://i.stanford.edu/~ullman/focs/preface.pdf...
I, [2013-06-25T14:06:49.620695 #64186]  INFO -- : Done.
I, [2013-06-25T14:06:49.620874 #64186]  INFO -- : Downloading http://i.stanford.edu/~ullman/focs/toc.pdf...
I, [2013-06-25T14:06:49.927514 #64186]  INFO -- : Done.
I, [2013-06-25T14:06:49.927684 #64186]  INFO -- : Downloading http://i.stanford.edu/~ullman/focs/ch01.pdf...
I, [2013-06-25T14:06:50.511089 #64186]  INFO -- : Done.
I, [2013-06-25T14:06:50.511285 #64186]  INFO -- : Downloading http://i.stanford.edu/~ullman/focs/ch02.pdf...
I, [2013-06-25T14:06:51.371884 #64186]  INFO -- : Done.
I, [2013-06-25T14:06:51.372079 #64186]  INFO -- : Downloading http://i.stanford.edu/~ullman/focs/ch03.pdf...
I, [2013-06-25T14:06:52.362611 #64186]  INFO -- : Done.
I, [2013-06-25T14:06:52.362772 #64186]  INFO -- : Downloading http://i.stanford.edu/~ullman/focs/ch04.pdf...
I, [2013-06-25T14:06:53.290302 #64186]  INFO -- : Done.
I, [2013-06-25T14:06:53.290470 #64186]  INFO -- : Downloading http://i.stanford.edu/~ullman/focs/ch05.pdf...
I, [2013-06-25T14:06:54.340126 #64186]  INFO -- : Done.
I, [2013-06-25T14:06:54.340298 #64186]  INFO -- : Downloading http://i.stanford.edu/~ullman/focs/ch06.pdf...
I, [2013-06-25T14:06:55.131511 #64186]  INFO -- : Done.
I, [2013-06-25T14:06:55.131739 #64186]  INFO -- : Downloading http://i.stanford.edu/~ullman/focs/ch07.pdf...
I, [2013-06-25T14:06:56.014571 #64186]  INFO -- : Done.
I, [2013-06-25T14:06:56.014770 #64186]  INFO -- : Downloading http://i.stanford.edu/~ullman/focs/ch08.pdf...
I, [2013-06-25T14:06:56.757816 #64186]  INFO -- : Done.
I, [2013-06-25T14:06:56.757974 #64186]  INFO -- : Downloading http://i.stanford.edu/~ullman/focs/ch09.pdf...
I, [2013-06-25T14:06:57.703259 #64186]  INFO -- : Done.
I, [2013-06-25T14:06:57.703429 #64186]  INFO -- : Downloading http://i.stanford.edu/~ullman/focs/ch10.pdf...
I, [2013-06-25T14:06:58.573284 #64186]  INFO -- : Done.
I, [2013-06-25T14:06:58.573472 #64186]  INFO -- : Downloading http://i.stanford.edu/~ullman/focs/ch11.pdf...
I, [2013-06-25T14:06:59.946938 #64186]  INFO -- : Done.
I, [2013-06-25T14:06:59.947140 #64186]  INFO -- : Downloading http://i.stanford.edu/~ullman/focs/ch12.pdf...
I, [2013-06-25T14:07:00.824492 #64186]  INFO -- : Done.
I, [2013-06-25T14:07:00.824722 #64186]  INFO -- : Downloading http://i.stanford.edu/~ullman/focs/ch13.pdf...
I, [2013-06-25T14:07:01.917229 #64186]  INFO -- : Done.
I, [2013-06-25T14:07:01.917445 #64186]  INFO -- : Downloading http://i.stanford.edu/~ullman/focs/ch14.pdf...
I, [2013-06-25T14:07:03.132194 #64186]  INFO -- : Done.
I, [2013-06-25T14:07:03.132396 #64186]  INFO -- : Downloading http://i.stanford.edu/~ullman/focs/index.pdf...
I, [2013-06-25T14:07:03.550712 #64186]  INFO -- : Done.
